<?xml version="1.0" encoding="UTF-8"?>
<!-- Generated by org.testng.reporters.JUnitXMLReporter -->
<testsuite ignored="0" hostname="Rental-0001" failures="0" tests="11" name="Default test" time="68.868" errors="0" timestamp="2023-10-09T17:28:47 IST">
  <testcase classname="com.STM.TestCases.TC_AdminLogin" name="SignupError1" time="4.341"/>
  <testcase classname="com.STM.TestCases.TC_AdminLogin" name="SignupError2" time="4.464"/>
  <testcase classname="com.STM.TestCases.TC_AdminLogin" name="SignupError3" time="4.284"/>
  <testcase classname="com.STM.TestCases.TC_AdminLogin" name="SignupError4" time="4.221"/>
  <testcase classname="com.STM.TestCases.TC_AdminLogin" name="SignupError5" time="4.331"/>
  <testcase classname="com.STM.TestCases.TC_AdminLogin" name="SignupwithoutLastname" time="6.525"/>
  <testcase classname="com.STM.TestCases.TC_AdminLogin" name="CorrectSignup" time="3.863"/>
  <testcase classname="com.STM.TestCases.TC_AdminLogin" name="WrongLogin1" time="7.757"/>
  <testcase classname="com.STM.TestCases.TC_AdminLogin" name="WrongLogin2" time="8.687"/>
  <testcase classname="com.STM.TestCases.TC_AdminLogin" name="WrongLogin3" time="8.66"/>
  <testcase classname="com.STM.TestCases.TC_AdminLogin" name="CorrectLogin" time="5.445"/>
</testsuite> <!-- Default test -->
