<?xml version="1.0" encoding="UTF-8"?>
<!-- Generated by org.testng.reporters.JUnitXMLReporter -->
<testsuite ignored="1" hostname="INPUPC-0020" failures="0" tests="7" name="Smoke Test" time="97.812" errors="0" timestamp="2023-12-06T11:58:17 IST">
  <testcase classname="com.STM.SmokeSuite.SmokeTest" name="signuptest" time="12.135"/>
  <testcase classname="com.STM.SmokeSuite.SmokeTest" name="logintest" time="3.256"/>
  <testcase classname="com.STM.SmokeSuite.SmokeTest" name="UsersPermissionsPage" time="21.657"/>
  <testcase classname="com.STM.SmokeSuite.SmokeTest" name="createproject" time="6.793"/>
  <testcase classname="com.STM.SmokeSuite.SmokeTest" name="deletedprojects" time="8.533"/>
  <testcase classname="com.STM.SmokeSuite.SmokeTest" name="UserGroupPage" time="25.796"/>
  <testcase classname="com.STM.SmokeSuite.SmokeTest" name="publicLayers" time="13.484"/>
  <testcase classname="com.STM.SmokeSuite.SmokeTest" name="projectsection" time="0.0">
    <ignored/>
  </testcase> <!-- projectsection -->
</testsuite> <!-- Smoke Test -->
