<?xml version="1.0" encoding="UTF-8"?>
<!-- Generated by org.testng.reporters.JUnitXMLReporter -->
<testsuite ignored="0" hostname="LAPTOP-OADBGRUF" failures="0" tests="3" name="Default test" time="74.525" errors="0" timestamp="2022-08-05T18:57:00 IST">
  <testcase classname="Com.kite.qa.TestCases.LoginPageTest" name="loginTest" time="13.815"/>
  <testcase classname="Com.kite.qa.TestCases.LoginPageTest" name="HomePageTitleTest" time="3.028"/>
  <testcase classname="Com.kite.qa.TestCases.LoginPageTest" name="KiteUserID" time="11.145"/>
</testsuite> <!-- Default test -->
