<?xml version="1.0" encoding="UTF-8"?>
<testng-results ignored="0" total="7" passed="7" failed="0" skipped="0">
  <reporter-output>
  </reporter-output>
  <suite started-at="2023-12-06T11:56:39 IST" name="Suite" finished-at="2023-12-06T11:58:17 IST" duration-ms="97812">
    <groups>
    </groups>
    <test started-at="2023-12-06T11:56:39 IST" name="Smoke Test" finished-at="2023-12-06T11:58:17 IST" duration-ms="97812">
      <class name="com.STM.SmokeSuite.SmokeTest">
        <test-method is-config="true" signature="setup(java.lang.String)[pri:0, instance:com.STM.SmokeSuite.SmokeTest@3ba987b8]" started-at="2023-12-06T11:56:39 IST" name="setup" finished-at="2023-12-06T11:56:45 IST" duration-ms="5575" status="PASS">
          <params>
            <param index="0">
              <value>
                <![CDATA[chrome]]>
              </value>
            </param>
          </params>
          <reporter-output>
          </reporter-output>
        </test-method> <!-- setup -->
        <test-method signature="signuptest()[pri:1, instance:com.STM.SmokeSuite.SmokeTest@3ba987b8]" started-at="2023-12-06T11:56:45 IST" name="signuptest" finished-at="2023-12-06T11:56:57 IST" duration-ms="12135" status="PASS">
          <reporter-output>
          </reporter-output>
        </test-method> <!-- signuptest -->
        <test-method signature="logintest()[pri:2, instance:com.STM.SmokeSuite.SmokeTest@3ba987b8]" started-at="2023-12-06T11:56:57 IST" name="logintest" finished-at="2023-12-06T11:57:00 IST" duration-ms="3256" status="PASS">
          <reporter-output>
          </reporter-output>
        </test-method> <!-- logintest -->
        <test-method signature="UsersPermissionsPage()[pri:3, instance:com.STM.SmokeSuite.SmokeTest@3ba987b8]" started-at="2023-12-06T11:57:00 IST" name="UsersPermissionsPage" finished-at="2023-12-06T11:57:22 IST" duration-ms="21657" status="PASS">
          <reporter-output>
          </reporter-output>
        </test-method> <!-- UsersPermissionsPage -->
        <test-method signature="createproject()[pri:4, instance:com.STM.SmokeSuite.SmokeTest@3ba987b8]" started-at="2023-12-06T11:57:22 IST" name="createproject" finished-at="2023-12-06T11:57:29 IST" duration-ms="6793" status="PASS">
          <reporter-output>
          </reporter-output>
        </test-method> <!-- createproject -->
        <test-method signature="deletedprojects()[pri:5, instance:com.STM.SmokeSuite.SmokeTest@3ba987b8]" started-at="2023-12-06T11:57:29 IST" name="deletedprojects" finished-at="2023-12-06T11:57:37 IST" duration-ms="8533" status="PASS">
          <reporter-output>
          </reporter-output>
        </test-method> <!-- deletedprojects -->
        <test-method signature="UserGroupPage()[pri:6, instance:com.STM.SmokeSuite.SmokeTest@3ba987b8]" started-at="2023-12-06T11:57:37 IST" name="UserGroupPage" finished-at="2023-12-06T11:58:03 IST" duration-ms="25796" status="PASS">
          <reporter-output>
          </reporter-output>
        </test-method> <!-- UserGroupPage -->
        <test-method signature="publicLayers()[pri:7, instance:com.STM.SmokeSuite.SmokeTest@3ba987b8]" started-at="2023-12-06T11:58:03 IST" name="publicLayers" finished-at="2023-12-06T11:58:17 IST" duration-ms="13484" status="PASS">
          <reporter-output>
          </reporter-output>
        </test-method> <!-- publicLayers -->
        <test-method is-config="true" signature="tearDown()[pri:0, instance:com.STM.SmokeSuite.SmokeTest@3ba987b8]" started-at="2023-12-06T11:58:17 IST" name="tearDown" finished-at="2023-12-06T11:58:17 IST" duration-ms="326" status="PASS">
          <reporter-output>
          </reporter-output>
        </test-method> <!-- tearDown -->
      </class> <!-- com.STM.SmokeSuite.SmokeTest -->
    </test> <!-- Smoke Test -->
  </suite> <!-- Suite -->
</testng-results>
